<?xml version="1.0" encoding="UTF-8"?>
<testsuite xmlns:xsi="http://www.w3.org/2001/XMLSchema-instance" xsi:noNamespaceSchemaLocation="https://maven.apache.org/surefire/maven-surefire-plugin/xsd/surefire-test-report-3.0.xsd" version="3.0" name="com.compasschat.MessageControllerTest" time="0.546" tests="7" errors="0" skipped="0" failures="0">
  <properties>
[...]
</properties>
  <testcase name="shouldReturn200WithHistoryList_whenGetHistory" classname="com.compasschat.MessageControllerTest" time="0.04">
    <system-out><![CDATA[2026-06-17T02:48:08.042-04:00  INFO 14323 --- [           main] t.c.s.AnnotationConfigContextLoaderUtils : Could not detect default configuration classes for test class [com.compasschat.MessageControllerTest]: MessageControllerTest does not declare any static, non-private, non-final, nested classes annotated with @Configuration.
2026-06-17T02:48:08.063-04:00  INFO 14323 --- [           main] .b.t.c.SpringBootTestContextBootstrapper : Found @SpringBootConfiguration com.compasschat.CompassChatApplication for test class com.compasschat.MessageControllerTest

  .   ____          _            __ _ _
 /\\ / ___'_ __ _ _(_)_ __  __ _ \ \ \ \
( ( )\___ | '_ | '_| | '_ \/ _` | \ \ \ \
 \\/  ___)| |_)| | | | | || (_| |  ) ) ) )
  '  |____| .__|_| |_|_| |_\__, | / / / /
 =========|_|==============|___/=/_/_/_/

 :: Spring Boot ::                (v3.3.5)

2026-06-17T02:48:08.094-04:00  INFO 14323 --- [           main] com.compasschat.MessageControllerTest    : Starting MessageControllerTest using Java 25.0.2 with PID 14323 (started by prachi in /Users/prachi/Projects/CompassChat/backend)
2026-06-17T02:48:08.095-04:00  INFO 14323 --- [           main] com.compasschat.MessageControllerTest    : No active profile set, falling back to 1 default profile: "default"
2026-06-17T02:48:08.353-04:00  WARN 14323 --- [           main] .s.s.UserDetailsServiceAutoConfiguration : 

Using generated security password: 4f7453cb-c7d7-4ab5-a131-75255f3cbeef

This generated password is for development use only. Your security configuration must be updated before running your application in production.

2026-06-17T02:48:08.354-04:00  INFO 14323 --- [           main] r$InitializeUserDetailsManagerConfigurer : Global AuthenticationManager configured with UserDetailsService bean with name inMemoryUserDetailsManager
2026-06-17T02:48:08.430-04:00  INFO 14323 --- [           main] o.s.b.t.m.w.SpringBootMockServletContext : Initializing Spring TestDispatcherServlet ''
2026-06-17T02:48:08.430-04:00  INFO 14323 --- [           main] o.s.t.web.servlet.TestDispatcherServlet  : Initializing Servlet ''
2026-06-17T02:48:08.430-04:00  INFO 14323 --- [           main] o.s.t.web.servlet.TestDispatcherServlet  : Completed initialization in 0 ms
2026-06-17T02:48:08.436-04:00  INFO 14323 --- [           main] com.compasschat.MessageControllerTest    : Started MessageControllerTest in 0.369 seconds (process running for 19.125)
]]></system-out>
  </testcase>
  <testcase name="shouldReturn201WithMessageContent_whenPostValidMessage" classname="com.compasschat.MessageControllerTest" time="0.032"/>
  <testcase name="shouldReturn400_whenPostWithBlankContent" classname="com.compasschat.MessageControllerTest" time="0.007"/>
  <testcase name="shouldReturn200WithUpdatedMessage_whenEditValidMessage" classname="com.compasschat.MessageControllerTest" time="0.017"/>
  <testcase name="shouldReturn200_whenDeleteMessage" classname="com.compasschat.MessageControllerTest" time="0.006"/>
  <testcase name="shouldReturn200EmptyList_whenGetHistoryAndNoLogs" classname="com.compasschat.MessageControllerTest" time="0.012"/>
  <testcase name="shouldReturn200WithPage_whenListMessages" classname="com.compasschat.MessageControllerTest" time="0.023">
    <system-out><![CDATA[2026-06-17T02:48:08.576-04:00  WARN 14323 --- [           main] ration$PageModule$WarningLoggingModifier : Serializing PageImpl instances as-is is not supported, meaning that there is no guarantee about the stability of the resulting JSON structure!
	For a stable JSON structure, please use Spring Data's PagedModel (globally via @EnableSpringDataWebSupport(pageSerializationMode = VIA_DTO))
	or Spring HATEOAS and Spring Data's PagedResourcesAssembler as documented in https://docs.spring.io/spring-data/commons/reference/repositories/core-extensions.html#core.web.pageables.

]]></system-out>
  </testcase>
</testsuite>